CopyQ ERROR [2024-07-28 22:23:04.244] <Client-420788>: Cannot connect to server! Start CopyQ server first.
CopyQ Warning [2024-07-28 22:44:46.096] <Server-420801>: [qt.qpa.xcb] QtWarning: internal error:  void QXcbWindow::setNetWmStateOnUnmappedWindow() called on mapped window
CopyQ ERROR [2024-07-28 22:44:58.416] <Client-437067>: Cannot connect to server! Start CopyQ server first.
CopyQ Warning [2024-07-29 11:38:56.600] <monitorClipboard-437101>: ELAPSED 5001 ms acessing "text/plain"
CopyQ Warning [2024-07-29 11:38:56.611] <monitorClipboard-437101>: ELAPSED 5012 ms acessing "UTF8:text/plain"
CopyQ Warning [2024-07-29 11:38:56.619] <monitorClipboard-437101>: Clipboard data expired, refusing to access old data
CopyQ Warning [2024-07-30 01:15:09.632] <monitorClipboard-437101>: ELAPSED 5000 ms acessing "text/plain"
CopyQ Warning [2024-07-30 01:15:09.645] <monitorClipboard-437101>: ELAPSED 5013 ms acessing "UTF8:text/plain"
CopyQ Warning [2024-07-30 01:15:09.653] <monitorClipboard-437101>: Clipboard data expired, refusing to access old data
CopyQ Warning [2024-07-31 12:29:05.312] <monitorClipboard-437101>: ELAPSED 5001 ms acessing "text/plain"
CopyQ Warning [2024-07-31 12:29:05.327] <monitorClipboard-437101>: ELAPSED 5015 ms acessing "UTF8:text/plain"
CopyQ Warning [2024-07-31 12:29:05.336] <monitorClipboard-437101>: Clipboard data expired, refusing to access old data
CopyQ Warning [2024-07-31 23:31:04.264] <monitorClipboard-42635>: ELAPSED 5001 ms acessing "hasText"
CopyQ Warning [2024-07-31 23:31:04.277] <monitorClipboard-42635>: Clipboard data expired, refusing to access old data
CopyQ Warning [2024-08-01 14:28:17.182] <monitorClipboard-42635>: ELAPSED 851 ms acessing "image/png"
CopyQ Warning [2024-08-01 14:28:17.193] <monitorClipboard-42635>: ELAPSED 862 ms acessing "UTF8:image/png"
CopyQ Warning [2024-08-01 14:28:29.663] <monitorClipboard-42635>: ELAPSED 519 ms acessing "image/png"
CopyQ Warning [2024-08-01 14:28:29.678] <monitorClipboard-42635>: ELAPSED 534 ms acessing "UTF8:image/png"
CopyQ Warning [2024-08-01 14:28:30.239] <monitorClipboard-42635>: ELAPSED 552 ms acessing "imageData"
CopyQ Warning [2024-08-01 14:28:35.147] <monitorClipboard-42635>: ELAPSED 1222 ms acessing "image/png"
CopyQ Warning [2024-08-01 14:28:35.156] <monitorClipboard-42635>: ELAPSED 1231 ms acessing "UTF8:image/png"
CopyQ Warning [2024-08-01 14:28:35.839] <monitorClipboard-42635>: ELAPSED 674 ms acessing "imageData"
CopyQ Warning [2024-08-01 15:12:33.854] <monitorClipboard-42635>: ELAPSED 537 ms acessing "image/png"
CopyQ Warning [2024-08-01 15:12:33.863] <monitorClipboard-42635>: ELAPSED 546 ms acessing "UTF8:image/png"
CopyQ Warning [2024-08-01 15:12:34.481] <monitorClipboard-42635>: ELAPSED 608 ms acessing "imageData"
CopyQ Warning [2024-08-06 21:37:09.940] <monitorClipboard-2317>: [default] QtWarning: The X11 connection broke (error 1). Did the X11 server die?
CopyQ ERROR [2024-08-06 21:37:10.263] <Client-8210>: Connection lost!
CopyQ Warning [2024-08-07 11:49:33.535] <Server-72029>: CopyQ server is already running.
CopyQ Warning [2024-08-07 11:49:41.062] <Server-72409>: CopyQ server is already running.
CopyQ Note [2024-08-08 10:58:52.453] <Client-77096>: Menu item filters: Finished in 563 ms
CopyQ Warning [2024-08-09 00:06:08.926] <monitorClipboard-2321>: ELAPSED 5005 ms acessing "imageData"
Failed to lock logs: Unknown errorCopyQ Warning [2024-08-13 21:17:38.003] <Server-2331>: CopyQ server is already running.
Failed to lock logs: Unknown errorCopyQ Warning [2024-08-13 22:11:04.721] <Server-3711>: CopyQ server is already running.
CopyQ Warning [2024-08-20 15:50:13.064] <monitorClipboard-2305>: ELAPSED 1114 ms acessing "image/png"
CopyQ Warning [2024-08-20 15:50:13.075] <monitorClipboard-2305>: ELAPSED 1124 ms acessing "UTF8:image/png"
CopyQ Warning [2024-08-20 15:50:14.455] <monitorClipboard-2305>: ELAPSED 1367 ms acessing "imageData"
CopyQ Warning [2024-08-21 13:40:20.843] <monitorClipboard-2305>: ELAPSED 5000 ms acessing "text/plain"
CopyQ Warning [2024-08-21 13:40:20.855] <monitorClipboard-2305>: ELAPSED 5012 ms acessing "UTF8:text/plain"
CopyQ Warning [2024-08-21 13:40:20.865] <monitorClipboard-2305>: Clipboard data expired, refusing to access old data
CopyQ Warning [2024-08-21 13:40:30.981] <monitorClipboard-2305>: ELAPSED 5000 ms acessing "text/plain"
CopyQ Warning [2024-08-21 13:40:31.000] <monitorClipboard-2305>: ELAPSED 5019 ms acessing "UTF8:text/plain"
CopyQ Warning [2024-08-21 13:40:31.010] <monitorClipboard-2305>: Clipboard data expired, refusing to access old data
CopyQ Warning [2024-08-21 13:41:20.944] <monitorClipboard-2305>: ELAPSED 5343 ms acessing "text/plain"
CopyQ Warning [2024-08-21 13:41:21.106] <monitorClipboard-2305>: ELAPSED 5504 ms acessing "UTF8:text/plain"
CopyQ Warning [2024-08-21 13:41:21.114] <monitorClipboard-2305>: Clipboard data expired, refusing to access old data
CopyQ Warning [2024-08-21 13:41:31.859] <monitorClipboard-2305>: ELAPSED 5000 ms acessing "text/plain"
CopyQ Warning [2024-08-21 13:41:31.868] <monitorClipboard-2305>: ELAPSED 5010 ms acessing "UTF8:text/plain"
CopyQ Warning [2024-08-21 13:41:31.878] <monitorClipboard-2305>: Clipboard data expired, refusing to access old data
CopyQ Warning [2024-08-21 14:53:49.535] <monitorClipboard-171717>: ELAPSED 5000 ms acessing "text/plain"
CopyQ Warning [2024-08-21 14:53:49.545] <monitorClipboard-171717>: ELAPSED 5011 ms acessing "UTF8:text/plain"
CopyQ Warning [2024-08-21 14:53:49.555] <monitorClipboard-171717>: Clipboard data expired, refusing to access old data
CopyQ Warning [2024-08-21 14:53:59.619] <monitorClipboard-171717>: ELAPSED 5000 ms acessing "text/plain"
CopyQ Warning [2024-08-21 14:53:59.630] <monitorClipboard-171717>: ELAPSED 5010 ms acessing "UTF8:text/plain"
CopyQ Warning [2024-08-21 14:53:59.638] <monitorClipboard-171717>: Clipboard data expired, refusing to access old data
CopyQ Warning [2024-08-21 14:54:09.795] <monitorClipboard-171717>: ELAPSED 5000 ms acessing "text/plain"
CopyQ Warning [2024-08-21 14:54:09.805] <monitorClipboard-171717>: ELAPSED 5010 ms acessing "UTF8:text/plain"
CopyQ Warning [2024-08-21 14:54:09.811] <monitorClipboard-171717>: Clipboard data expired, refusing to access old data
CopyQ Warning [2024-08-21 14:54:20.183] <monitorClipboard-171717>: ELAPSED 5000 ms acessing "text/plain"
CopyQ Warning [2024-08-21 14:54:20.195] <monitorClipboard-171717>: ELAPSED 5013 ms acessing "UTF8:text/plain"
CopyQ Warning [2024-08-21 14:54:20.206] <monitorClipboard-171717>: Clipboard data expired, refusing to access old data
CopyQ Warning [2024-08-23 13:42:03.783] <monitorClipboard-2100>: ELAPSED 1398 ms acessing "imageData"
CopyQ Warning [2024-08-23 13:42:04.709] <monitorClipboard-2100>: ELAPSED 909 ms acessing "image/png"
CopyQ Warning [2024-08-23 13:42:04.719] <monitorClipboard-2100>: ELAPSED 919 ms acessing "UTF8:image/png"
CopyQ Warning [2024-08-23 13:42:05.859] <monitorClipboard-2100>: ELAPSED 1092 ms acessing "imageData"
CopyQ Warning [2024-08-23 14:10:12.905] <monitorClipboard-2100>: ELAPSED 1343 ms acessing "imageData"
CopyQ Warning [2024-08-23 14:10:13.676] <monitorClipboard-2100>: ELAPSED 629 ms acessing "image/png"
CopyQ Warning [2024-08-23 14:10:13.687] <monitorClipboard-2100>: ELAPSED 640 ms acessing "UTF8:image/png"
CopyQ Warning [2024-08-23 14:10:14.495] <monitorClipboard-2100>: ELAPSED 773 ms acessing "imageData"
CopyQ Warning [2024-08-23 14:38:24.909] <monitorClipboard-2100>: ELAPSED 812 ms acessing "image/png"
CopyQ Warning [2024-08-23 14:38:24.919] <monitorClipboard-2100>: ELAPSED 822 ms acessing "UTF8:image/png"
CopyQ Warning [2024-08-23 14:38:25.810] <monitorClipboard-2100>: ELAPSED 880 ms acessing "imageData"
