2024-09-09 12:32:07,963 INFO - root - Initialising application
2024-09-09 12:32:07,971 INFO - root - Initialise global hotkeys
2024-09-09 12:32:07,971 INFO - config-manager - No configuration found - creating new one
2024-09-09 12:32:07,974 INFO - config-manager - Configuration changed - rebuilding in-memory structures
2024-09-09 12:32:07,974 INFO - config-manager - Persisting configuration
2024-09-09 12:32:07,974 INFO - config-manager - Finished persisting configuration - no errors
2024-09-09 12:32:07,975 INFO - service - Starting service
2024-09-09 12:32:08,024 INFO - iomediator - Created IoMediator instance, current interface is: <XRecordInterface(XInterface-thread, initial daemon)>
2024-09-09 12:32:08,062 INFO - interface - XRecord interface thread starting
2024-09-09 12:32:08,063 INFO - service - Service now marked as running
2024-09-09 12:32:08,139 INFO - root - Displaying configuration window
2024-09-09 12:32:08,470 INFO - root - Entering main()
2024-09-09 12:32:30,678 INFO - config-manager - Configuration changed - rebuilding in-memory structures
2024-09-09 12:32:33,857 INFO - config-manager - Configuration changed - rebuilding in-memory structures
2024-09-09 12:32:33,857 INFO - config-manager - Persisting configuration
2024-09-09 12:32:33,858 INFO - config-manager - Backing up existing config file
2024-09-09 12:32:33,859 INFO - config-manager - Finished persisting configuration - no errors
2024-09-09 12:32:34,997 INFO - config-manager - Configuration changed - rebuilding in-memory structures
2024-09-09 12:32:34,997 INFO - config-manager - Persisting configuration
2024-09-09 12:32:34,997 INFO - config-manager - Backing up existing config file
2024-09-09 12:32:34,998 INFO - config-manager - Finished persisting configuration - no errors
2024-09-09 12:32:38,561 INFO - config-manager - Configuration changed - rebuilding in-memory structures
2024-09-09 12:32:38,561 INFO - config-manager - Persisting configuration
2024-09-09 12:32:38,561 INFO - config-manager - Backing up existing config file
2024-09-09 12:32:38,562 INFO - config-manager - Finished persisting configuration - no errors
2024-09-09 12:32:40,523 INFO - config-manager - Configuration changed - rebuilding in-memory structures
2024-09-09 12:32:40,523 INFO - config-manager - Persisting configuration
2024-09-09 12:32:40,523 INFO - config-manager - Backing up existing config file
2024-09-09 12:32:40,524 INFO - config-manager - Finished persisting configuration - no errors
2024-09-09 12:32:42,315 INFO - config-manager - Configuration changed - rebuilding in-memory structures
2024-09-09 12:32:42,316 INFO - config-manager - Persisting configuration
2024-09-09 12:32:42,316 INFO - config-manager - Backing up existing config file
2024-09-09 12:32:42,317 INFO - config-manager - Finished persisting configuration - no errors
2024-09-09 12:36:33,720 INFO - config-manager - Configuration changed - rebuilding in-memory structures
2024-09-09 12:36:33,720 INFO - config-manager - Persisting configuration
2024-09-09 12:36:33,720 INFO - config-manager - Backing up existing config file
2024-09-09 12:36:33,722 INFO - config-manager - Finished persisting configuration - no errors
2024-09-09 14:00:39,933 INFO - root - Shutting down
2024-09-09 14:00:39,945 INFO - service - Service shutting down
2024-09-09 14:00:40,543 INFO - config-manager - Persisting configuration
2024-09-09 14:00:40,544 INFO - config-manager - Backing up existing config file
2024-09-09 14:00:40,551 INFO - config-manager - Finished persisting configuration - no errors
2024-09-09 14:00:41,552 INFO - inotify - Shutting down file monitor
