[2024-09-09 13:52:35.605] [140437296405184] [Info] Log started
[2024-09-09 13:52:35.606] [140437296405184] [Info] TopTracker 1.6.2 (build 6524) [production]
[2024-09-09 13:52:35.606] [140437296405184] [Info] Qt version: 5.12.1
[2024-09-09 13:52:35.606] [140437296405184] [Info] OS: Linux Mint 21.3 x86_64 (linux 5.15.0-119-generic)
[2024-09-09 13:52:35.606] [140437296405184] [Info] Application executable: /opt/toptracker/bin/TopTracker
[2024-09-09 13:52:35.607] [140437296405184] [Info] Number of screens: 1, virtual desktop: NO
                                                   Screen 1: eDP-1, (0,0), 2560x1600@24, DPI: 113.599, DPR: 2
[2024-09-09 13:52:35.609] [140437296405184] [Info] Available memory: 1200279552 bytes (1.12GB), total memory: 8221224960 bytes (7.66GB)
[2024-09-09 13:52:35.610] [140437296405184] [Info] Primary disk report:
                                                   Name: 
                                                   Path: /
                                                   Is read-only: NO
                                                   File system type: ext4
                                                   Size: 53.17GB
                                                   Available size: 6.00GB
                                                   Total free space: 8.75GB
[2024-09-09 13:52:35.610] [140437296405184] [Info] Environment variables:
                                                   QT_AUTO_SCREEN_SCALE_FACTOR: 1
[2024-09-09 13:52:35.610] [140437296405184] [Info] Log file: /home/mbrandt/.local/share/TopTracker/application.log
[2024-09-09 13:52:35.610] [140437296405184] [Info] Previous log file: 
[2024-09-09 13:52:35.610] [140437296405184] [Info] Settings file: /home/mbrandt/.config/TopTracker/settings.ini
[2024-09-09 13:52:35.610] [140437296405184] [Info] Minidump directory: /home/mbrandt/.local/share/TopTracker/minidumps
[2024-09-09 13:52:35.610] [140437296405184] [Info] Local storage directory: /home/mbrandt/.local/share/TopTracker
[2024-09-09 13:52:35.610] [140437296405184] [Info] Breakpad processor URL: https://breakpad-processor.herokuapp.com/report
[2024-09-09 13:52:35.669] [140437296405184] [Info] Default browser info:
                                                   $BROWSER: <empty>
                                                   update-alternatives --display x-www-browser: /usr/bin/google-chrome-stable
                                                   xdg-settings get default-web-browser: firefox.desktop
[2024-09-09 13:52:35.671] [140437296405184] [Info] Database path: /home/mbrandt/.local/share/TopTracker/TopTracker.db
[2024-09-09 13:52:35.746] [140437296405184] [Info] API Server URL: https://tracker-api.toptal.com
[2024-09-09 13:52:35.746] [140437296405184] [Info] Resetting proxy server
[2024-09-09 13:52:35.766] [140437296405184] [Info] Sparkle Appcast URL: https://tracker-api.toptal.com
[2024-09-09 13:52:35.766] [140437296405184] [Info] Internet connection detected
[2024-09-09 13:52:35.788] [140437296405184] [Info] Uploading file to S3
                                                   ID: 1828445139
                                                   Upload attempt: 1
                                                   Starting upload...
[2024-09-09 13:52:35.816] [140437296405184] [Info] Starting GUI
[2024-09-09 13:52:35.857] [140437296405184] [Info] Showing login dialog
[2024-09-09 13:52:35.872] [140437296405184] [Info] Logging in automatically using saved credentials (request id: 1444848346)
[2024-09-09 13:52:35.875] [140437296405184] [Info] Uploading file to S3
                                                   ID: 448057877
                                                   Upload attempt: 1
                                                   Starting upload...
[2024-09-09 13:52:36.162] [140437296405184] [Info] Logged in successfully (user id: 361170, request id: 1444848346)
[2024-09-09 13:52:36.163] [140437296405184] [Info] Logged in, about to show main window
[2024-09-09 13:52:36.176] [140437296405184] [Info] Setting main window dimensions: 455 x 593
[2024-09-09 13:52:36.259] [140437296405184] [Info] Showing main window
[2024-09-09 13:52:36.265] [140437296405184] [Info] Sending initial get project list request
[2024-09-09 13:52:36.266] [140437296405184] [Info] Getting project list from the server (request id: 893923460)
[2024-09-09 13:52:36.277] [140437296405184] [Info] Loading last entered descriptions for projects for the user: merlin.brandt@hotmail.de
[2024-09-09 13:52:36.277] [140437296405184] [Info] Closing login dialog
[2024-09-09 13:52:36.277] [140437296405184] [Info] Closing login dialog
[2024-09-09 13:52:36.277] [140437296405184] [Info] Closing login dialog
[2024-09-09 13:52:36.280] [140437296405184] [Info] Loaded 10 activities from database for user Merlin Brandt (merlin.brandt@hotmail.de)
                                                   1466703908
                                                   1338780358
                                                   2087287525
                                                   1846314045
                                                   1296794217
                                                   712468105
                                                   676684849
                                                   699902462
                                                   648459708
                                                   91446903
[2024-09-09 13:52:36.291] [140437296405184] [Info] Loading project list cache
[2024-09-09 13:52:36.291] [140437296405184] [Info] Reading work log from database
[2024-09-09 13:52:36.301] [140437296405184] [Info] Work log:
                                                   project id: 1145774, last worked: 2024-09-09T10:45:58, seconds: 0
[2024-09-09 13:52:36.301] [140437296405184] [Info] Loading snapshot storage from database
[2024-09-09 13:52:36.301] [140437296405184] [Info] Loading blobs storage from database
[2024-09-09 13:52:36.318] [140437296405184] [Info] Checking for pending snapshot uploads
[2024-09-09 13:52:36.318] [140437296405184] [Info] Uploading snapshot 23 screenshot to S3
[2024-09-09 13:52:36.320] [140437296405184] [Info] Uploading file to S3
                                                   ID: 1190370219
                                                   Upload attempt: 1
                                                   Starting upload...
[2024-09-09 13:52:36.341] [140437296405184] [Info] Downloading user's avatar (request id: 51556628)
[2024-09-09 13:52:36.368] [140437296405184] [Info] Performing after sign in routine
[2024-09-09 13:52:36.369] [140437296405184] [Info] Removing orphaned activities...
[2024-09-09 13:52:36.451] [140437296405184] [Info] Removed 9 activities:
                                                   1466703908
                                                   1338780358
                                                   2087287525
                                                   1846314045
                                                   1296794217
                                                   712468105
                                                   699902462
                                                   648459708
                                                   91446903
[2024-09-09 13:52:36.451] [140437296405184] [Info] Removing orphaned snapshots...
[2024-09-09 13:52:36.451] [140437296405184] [Info] Checking storage for left over object from the previous session
[2024-09-09 13:52:36.456] [140436997924416] [Info] Checking for data to send to the server
[2024-09-09 13:52:36.460] [140437296405184] [Info] Application is online
[2024-09-09 13:52:36.506] [140437296405184] [Info] Failed to download user's avatar (request id: 51556628)
[2024-09-09 13:52:36.740] [140437296405184] [Info] File upload to S3 finished
                                                   ID: 448057877
                                                   Success: YES
                                                   Download URL: https://toptracker-dev.s3.amazonaws.com/desktop/logs/merlin.brandt%40hotmail.de/2024-09-09_11-52-35.log.gz
                                                   Error description: (None)
[2024-09-09 13:52:36.747] [140437296405184] [Info] File upload to S3 finished
                                                   ID: 1828445139
                                                   Success: YES
                                                   Download URL: https://toptracker-dev.s3.amazonaws.com/desktop/logs/merlin.brandt%40hotmail.de/emails.txt
                                                   Error description: (None)
[2024-09-09 13:52:36.870] [140437296405184] [Info] Project list received from the server (request id: 893923460, list size: 1)
                                                   IDs: 1145774
[2024-09-09 13:52:37.939] [140437296405184] [Info] File upload to S3 finished
                                                   ID: 1190370219
                                                   Success: YES
                                                   Download URL: https://toptracker.s3.amazonaws.com/uploads/5566db3ca32135d28f706872822ac6447d04c0ae.PNG
                                                   Error description: (None)
[2024-09-09 13:52:37.939] [140437296405184] [Info] Sending create image request, id: 23, activity API id: 142065126, blur: 0, randomized: 0, type: screenshot, taken at: 2024-09-09T13:30:51+02:00
[2024-09-09 13:52:38.151] [140437296405184] [Info] Image request 23 (screenshot) handled with code 204
[2024-09-09 13:52:38.151] [140437296405184] [Info] Removing snapshot with id: 23, activity id: 676684849, state: 9, screenshotState: 11, camerashotState: 11
[2024-09-09 13:52:39.652] [140437296405184] [Info] Sending usage statistics: UI Control Interacted, type: Shortcut, title: Start Tracking
[2024-09-09 13:52:39.653] [140437296405184] [Info] Getting last entered description for project 1145774 ("implement static shadow")
[2024-09-09 13:52:39.653] [140437296405184] [Info] Tracking start requested (project id: 1145774)
[2024-09-09 13:52:39.653] [140437296405184] [Info] Creating backup of settings:
Allow screenshots: true
Screenshots interval: 15 minutes
Randomized tracking: false
Track keyboard hits: true
Track mouse clicks: true
[2024-09-09 13:52:39.653] [140437296405184] [Info] Setting option 'take-screenshots' to 'true'
[2024-09-09 13:52:39.653] [140437296405184] [Info] Setting option 'tracking-interval' to '15'
[2024-09-09 13:52:39.653] [140437296405184] [Info] Setting option 'randomized-tracking' to 'false'
[2024-09-09 13:52:39.674] [140437296405184] [Info] Setting option 'track-keyboard-hits' to 'true'
[2024-09-09 13:52:39.674] [140437296405184] [Info] Setting option 'track-mouse-clicks' to 'true'
[2024-09-09 13:52:39.674] [140437296405184] [Info] Applying tracking requirements:
Allow screenshots: true
Screenshots interval: 15 minutes
Randomized tracking: false
Track keyboard hits: true
Track mouse clicks: true
[2024-09-09 13:52:39.674] [140437296405184] [Info] Tracking started (project id: 1145774)
[2024-09-09 13:52:39.674] [140437296405184] [Info] Updating last worked time for a project in the work log:
                                                   project id: 1145774, last worked: 2024-09-09T13:52:39, seconds: 0
[2024-09-09 13:52:39.675] [140437296405184] [Info] Saving work log to local storage
[2024-09-09 13:52:39.675] [140437296405184] [Info] Started monitoring keyboard and mouse for clicks. Keyboard hits 0, mouse hits 0
[2024-09-09 13:52:39.675] [140437296405184] [Info] Started monitoring for idle state
[2024-09-09 13:52:39.683] [140437296405184] [Info] Getting last entered description for project 1145774 ("implement static shadow")
[2024-09-09 13:52:39.696] [140437296405184] [Info] Activity window position: 758, 28 (relative position: 0.296094, 0.0175), dimensions: 522 x 160, screen: 0
[2024-09-09 13:52:39.696] [140437296405184] [Info] Getting last entered description for project 1145774 ("implement static shadow")
[2024-09-09 13:52:39.696] [140437296405184] [Info] Showing update activity description dialog at tracking start
[2024-09-09 13:52:39.700] [140437296405184] [Info] Activity window position: 758, 28 (relative position: 0.296094, 0.0175), dimensions: 522 x 164, screen: 0
[2024-09-09 13:52:39.701] [140437296405184] [Info] Getting last entered description for project 1145774 ("implement static shadow")
[2024-09-09 13:52:39.704] [140436997924416] [Info] Checking for data to send to the server
[2024-09-09 13:52:39.704] [140436997924416] [Info] Sent create activity request (id: 38182362), activity id: 2078395505, [Mo. Sept. 9 13:52:39 2024 - Mo. Sept. 9 13:52:39 2024], activity API id: 0, description: "implement static shadow", last changed: Mo. Sept. 9 13:52:39 2024, last synced: never, offline: 0, keys: -1, clicks: -1
[2024-09-09 13:52:39.976] [140436997924416] [Info] Received API id 142080275 for activity 2078395505, request id: 38182362
[2024-09-09 13:52:45.027] [140437296405184] [Info] Updating last activity description to "automate game startup"
[2024-09-09 13:52:45.028] [140437296405184] [Info] Sending usage statistics: Time Tracked
[2024-09-09 13:52:45.028] [140437296405184] [Info] Adding activity description "automate game startup" for project 1145774 to storage
[2024-09-09 13:52:45.028] [140437296405184] [Info] Sending usage statistics: UI Control Interacted, type: Shortcut, title: Accept Activity Description
[2024-09-09 13:52:45.028] [140437296405184] [Info] Closing update activity description dialog
[2024-09-09 13:52:45.045] [140436997924416] [Info] Checking for data to send to the server
[2024-09-09 13:52:45.045] [140436997924416] [Info] Sent update activity request (id: 559778706), activity id: 2078395505, [Mo. Sept. 9 13:52:39 2024 - Mo. Sept. 9 13:52:45 2024], activity API id: 142080275, description: "automate game startup", last changed: Mo. Sept. 9 13:52:45 2024, last synced: Mo. Sept. 9 13:52:39 2024, offline: 0, keys: -1, clicks: -1
[2024-09-09 13:52:45.254] [140436997924416] [Info] Activity update request successful (id: 2078395505, request id: 559778706, type: 1)
[2024-09-09 13:53:39.827] [140437296405184] [Info] Service timeout, updating activity end time (id: 2078395505)
[2024-09-09 13:53:39.827] [140437296405184] [Info] Keyboard hits: 22
[2024-09-09 13:53:39.827] [140437296405184] [Info] Mouse clicks: 3
[2024-09-09 13:54:40.028] [140437296405184] [Info] Service timeout, updating activity end time (id: 2078395505)
[2024-09-09 13:54:40.029] [140437296405184] [Info] Keyboard hits: 62
[2024-09-09 13:54:40.030] [140437296405184] [Info] Mouse clicks: 52
[2024-09-09 13:55:40.227] [140437296405184] [Info] Service timeout, updating activity end time (id: 2078395505)
[2024-09-09 13:55:40.227] [140437296405184] [Info] Keyboard hits: 97
[2024-09-09 13:55:40.227] [140437296405184] [Info] Mouse clicks: 68
[2024-09-09 13:56:40.427] [140437296405184] [Info] Service timeout, updating activity end time (id: 2078395505)
[2024-09-09 13:56:40.427] [140437296405184] [Info] Keyboard hits: 216
[2024-09-09 13:56:40.427] [140437296405184] [Info] Mouse clicks: 89
[2024-09-09 13:57:40.628] [140437296405184] [Info] Service timeout, updating activity end time (id: 2078395505)
[2024-09-09 13:57:40.628] [140437296405184] [Info] Keyboard hits: 314
[2024-09-09 13:57:40.629] [140437296405184] [Info] Mouse clicks: 92
[2024-09-09 13:58:40.828] [140437296405184] [Info] Service timeout, updating activity end time (id: 2078395505)
[2024-09-09 13:58:40.828] [140437296405184] [Info] Keyboard hits: 364
[2024-09-09 13:58:40.828] [140437296405184] [Info] Mouse clicks: 96
[2024-09-09 13:59:41.027] [140437296405184] [Info] Service timeout, updating activity end time (id: 2078395505)
[2024-09-09 13:59:41.027] [140437296405184] [Info] Keyboard hits: 490
[2024-09-09 13:59:41.028] [140437296405184] [Info] Mouse clicks: 104
[2024-09-09 14:00:41.228] [140437296405184] [Info] Service timeout, updating activity end time (id: 2078395505)
[2024-09-09 14:00:41.228] [140437296405184] [Info] Keyboard hits: 492
[2024-09-09 14:00:41.228] [140437296405184] [Info] Mouse clicks: 106
[2024-09-09 14:01:41.427] [140437296405184] [Info] Service timeout, updating activity end time (id: 2078395505)
[2024-09-09 14:01:41.428] [140437296405184] [Info] Keyboard hits: 579
[2024-09-09 14:01:41.428] [140437296405184] [Info] Mouse clicks: 110
[2024-09-09 14:02:36.027] [140437296405184] [Info] Polling project list
[2024-09-09 14:02:36.027] [140437296405184] [Info] Getting project list from the server (request id: 1923609959)
[2024-09-09 14:02:36.241] [140437296405184] [Info] Project list received from the server (request id: 1923609959, list size: 1)
                                                   IDs: 1145774
[2024-09-09 14:02:39.675] [140437296405184] [Info] Reminding user to enter activity description at timed interval
[2024-09-09 14:02:39.675] [140437296405184] [Info] Showing update activity description reminder dialog
[2024-09-09 14:02:39.676] [140437296405184] [Info] Activity window position: 758, 28 (relative position: 0.296094, 0.0175), dimensions: 522 x 50, screen: 0
[2024-09-09 14:02:39.676] [140437296405184] [Info] Getting last entered description for project 1145774 ("automate game startup")
[2024-09-09 14:02:41.627] [140437296405184] [Info] Service timeout, updating activity end time (id: 2078395505)
[2024-09-09 14:02:41.627] [140437296405184] [Info] Keyboard hits: 648
[2024-09-09 14:02:41.627] [140437296405184] [Info] Mouse clicks: 111
[2024-09-09 14:02:50.637] [140437296405184] [Info] Closing update activity description dialog
[2024-09-09 14:03:41.827] [140437296405184] [Info] Service timeout, updating activity end time (id: 2078395505)
[2024-09-09 14:03:41.827] [140437296405184] [Info] Keyboard hits: 648
[2024-09-09 14:03:41.828] [140437296405184] [Info] Mouse clicks: 111
[2024-09-09 14:04:41.830] [140437296405184] [Info] Service timeout, updating activity end time (id: 2078395505)
[2024-09-09 14:04:41.830] [140437296405184] [Info] Keyboard hits: 650
[2024-09-09 14:04:41.831] [140437296405184] [Info] Mouse clicks: 112
[2024-09-09 14:05:42.028] [140437296405184] [Info] Service timeout, updating activity end time (id: 2078395505)
[2024-09-09 14:05:42.028] [140437296405184] [Info] Keyboard hits: 766
[2024-09-09 14:05:42.028] [140437296405184] [Info] Mouse clicks: 114
[2024-09-09 14:06:47.720] [140437296405184] [Info] Sending usage statistics: UI Control Interacted, type: Shortcut, title: Change Activity Description
[2024-09-09 14:06:47.720] [140437296405184] [Info] Showing update activity description dialog invoked via hotkey
[2024-09-09 14:06:47.721] [140437296405184] [Info] Activity window position: 758, 28 (relative position: 0.296094, 0.0175), dimensions: 522 x 50, screen: 0
[2024-09-09 14:06:47.723] [140437296405184] [Info] Getting last entered description for project 1145774 ("automate game startup")
[2024-09-09 14:06:48.902] [140437296405184] [Info] Sending usage statistics: UI Control Interacted, type: Shortcut, title: Move Auto Complete Line Down
[2024-09-09 14:06:55.690] [140437296405184] [Info] Sending usage statistics: UI Control Interacted, type: Shortcut, title: Move Auto Complete Line Down
[2024-09-09 14:06:55.882] [140437296405184] [Info] Sending usage statistics: UI Control Interacted, type: Shortcut, title: Move Auto Complete Line Down
[2024-09-09 14:06:57.174] [140437296405184] [Info] Sending usage statistics: UI Control Interacted, type: Shortcut, title: Delete Auto Complete Line
[2024-09-09 14:06:58.066] [140437296405184] [Info] Sending usage statistics: UI Control Interacted, type: Shortcut, title: Move Auto Complete Line Up
[2024-09-09 14:06:58.837] [140437296405184] [Info] Sending usage statistics: UI Control Interacted, type: Shortcut, title: Move Auto Complete Line Up
[2024-09-09 14:06:59.162] [140437296405184] [Info] Sending usage statistics: UI Control Interacted, type: Shortcut, title: Move Auto Complete Line Down
[2024-09-09 14:06:59.482] [140437296405184] [Info] Sending usage statistics: UI Control Interacted, type: Shortcut, title: Delete Auto Complete Line
[2024-09-09 14:06:59.874] [140437296405184] [Info] Sending usage statistics: UI Control Interacted, type: Shortcut, title: Move Auto Complete Line Up
[2024-09-09 14:07:00.258] [140437296405184] [Info] Sending usage statistics: UI Control Interacted, type: Shortcut, title: Move Auto Complete Line Up
[2024-09-09 14:07:00.554] [140437296405184] [Info] Sending usage statistics: UI Control Interacted, type: Shortcut, title: Move Auto Complete Line Up
[2024-09-09 14:07:01.233] [140437296405184] [Info] Tracking stop requested (project id: 1145774)
[2024-09-09 14:07:01.233] [140437296405184] [Info] Sending usage statistics: Time Tracked
[2024-09-09 14:07:01.233] [140437296405184] [Info] Updating last worked time for a project in the work log:
                                                   project id: 1145774, last worked: 2024-09-09T14:07:01, seconds: 861
[2024-09-09 14:07:01.234] [140437296405184] [Info] Saving work log to local storage
[2024-09-09 14:07:01.234] [140437296405184] [Info] Tracking start requested (project id: 1145774)
[2024-09-09 14:07:01.234] [140437296405184] [Info] Creating backup of settings:
Allow screenshots: true
Screenshots interval: 15 minutes
Randomized tracking: false
Track keyboard hits: true
Track mouse clicks: true
[2024-09-09 14:07:01.234] [140437296405184] [Info] Adding activity description "implement static shadow" for project 1145774 to storage
[2024-09-09 14:07:01.234] [140437296405184] [Info] Tracking started (project id: 1145774)
[2024-09-09 14:07:01.234] [140437296405184] [Info] Updating last worked time for a project in the work log:
                                                   project id: 1145774, last worked: 2024-09-09T14:07:01, seconds: 861
[2024-09-09 14:07:01.235] [140437296405184] [Info] Saving work log to local storage
[2024-09-09 14:07:01.235] [140437296405184] [Info] Started monitoring for idle state
[2024-09-09 14:07:01.236] [140437296405184] [Info] Showing update activity description dialog at tracking start
[2024-09-09 14:07:01.236] [140437296405184] [Info] Activity window position: 758, 28 (relative position: 0.296094, 0.0175), dimensions: 522 x 168, screen: 0
[2024-09-09 14:07:01.238] [140437296405184] [Info] Sending usage statistics: UI Control Interacted, type: Shortcut, title: Accept Activity Description
[2024-09-09 14:07:01.238] [140437296405184] [Info] Closing update activity description dialog
[2024-09-09 14:07:01.282] [140436997924416] [Info] Checking for data to send to the server
[2024-09-09 14:07:01.282] [140436997924416] [Info] Sent create activity request (id: 1438622502), activity id: 1889348679, [Mo. Sept. 9 14:07:01 2024 - Mo. Sept. 9 14:07:01 2024], activity API id: 0, description: "implement static shadow", last changed: Mo. Sept. 9 14:07:01 2024, last synced: never, offline: 0, keys: -1, clicks: -1
[2024-09-09 14:07:01.282] [140436997924416] [Info] Sent update activity request (id: 568052733), activity id: 2078395505, [Mo. Sept. 9 13:52:39 2024 - Mo. Sept. 9 14:07:01 2024], activity API id: 142080275, description: "automate game startup", last changed: Mo. Sept. 9 14:07:01 2024, last synced: Mo. Sept. 9 13:52:45 2024, offline: 0, keys: 766, clicks: 114
[2024-09-09 14:07:01.506] [140436997924416] [Info] Received API id 142081757 for activity 1889348679, request id: 1438622502
[2024-09-09 14:07:01.587] [140436997924416] [Info] Activity update request successful (id: 2078395505, request id: 568052733, type: 1)
[2024-09-09 14:07:03.857] [140437296405184] [Info] Sending usage statistics: UI Control Interacted, type: Shortcut, title: Change Activity Description
[2024-09-09 14:07:03.857] [140437296405184] [Info] Showing update activity description dialog invoked via hotkey
[2024-09-09 14:07:03.858] [140437296405184] [Info] Activity window position: 758, 28 (relative position: 0.296094, 0.0175), dimensions: 522 x 168, screen: 0
[2024-09-09 14:07:03.860] [140437296405184] [Info] Getting last entered description for project 1145774 ("implement static shadow")
[2024-09-09 14:07:04.684] [140437296405184] [Info] Sending usage statistics: UI Control Interacted, type: Shortcut, title: Move Auto Complete Line Down
[2024-09-09 14:07:04.838] [140437296405184] [Info] Sending usage statistics: UI Control Interacted, type: Shortcut, title: Move Auto Complete Line Down
[2024-09-09 14:07:04.978] [140437296405184] [Info] Sending usage statistics: UI Control Interacted, type: Shortcut, title: Move Auto Complete Line Down
[2024-09-09 14:07:06.011] [140437296405184] [Info] Sending usage statistics: UI Control Interacted, type: Shortcut, title: Delete Auto Complete Line
[2024-09-09 14:07:06.618] [140437296405184] [Info] Sending usage statistics: UI Control Interacted, type: Shortcut, title: Move Auto Complete Line Down
[2024-09-09 14:07:06.890] [140437296405184] [Info] Sending usage statistics: UI Control Interacted, type: Shortcut, title: Move Auto Complete Line Down
[2024-09-09 14:07:07.042] [140437296405184] [Info] Sending usage statistics: UI Control Interacted, type: Shortcut, title: Move Auto Complete Line Down
[2024-09-09 14:07:07.290] [140437296405184] [Info] Sending usage statistics: UI Control Interacted, type: Shortcut, title: Delete Auto Complete Line
[2024-09-09 14:07:07.675] [140437296405184] [Info] Sending usage statistics: UI Control Interacted, type: Shortcut, title: Move Auto Complete Line Down
[2024-09-09 14:07:07.862] [140437296405184] [Info] Sending usage statistics: UI Control Interacted, type: Shortcut, title: Move Auto Complete Line Down
[2024-09-09 14:07:08.026] [140437296405184] [Info] Sending usage statistics: UI Control Interacted, type: Shortcut, title: Move Auto Complete Line Down
[2024-09-09 14:07:08.467] [140437296405184] [Info] Sending usage statistics: UI Control Interacted, type: Shortcut, title: Delete Auto Complete Line
[2024-09-09 14:07:08.943] [140437296405184] [Info] Sending usage statistics: UI Control Interacted, type: Shortcut, title: Move Auto Complete Line Down
[2024-09-09 14:07:09.491] [140437296405184] [Info] Sending usage statistics: UI Control Interacted, type: Shortcut, title: Move Auto Complete Line Down
[2024-09-09 14:07:10.306] [140437296405184] [Info] Sending usage statistics: UI Control Interacted, type: Shortcut, title: Move Auto Complete Line Up
[2024-09-09 14:07:10.875] [140437296405184] [Info] Sending usage statistics: UI Control Interacted, type: Shortcut, title: Cancel Activity Description
[2024-09-09 14:07:10.875] [140437296405184] [Info] Closing update activity description dialog
[2024-09-09 14:08:01.428] [140437296405184] [Info] Service timeout, updating activity end time (id: 1889348679)
[2024-09-09 14:08:01.428] [140437296405184] [Info] Keyboard hits: 800
[2024-09-09 14:08:01.428] [140437296405184] [Info] Mouse clicks: 154
[2024-09-09 14:09:01.627] [140437296405184] [Info] Service timeout, updating activity end time (id: 1889348679)
[2024-09-09 14:09:01.627] [140437296405184] [Info] Keyboard hits: 800
[2024-09-09 14:09:01.627] [140437296405184] [Info] Mouse clicks: 156
[2024-09-09 14:09:25.895] [140437296405184] [Info] Sending usage statistics: UI Control Interacted, type: Button, title: Main Window Stop Tracking
[2024-09-09 14:09:25.895] [140437296405184] [Info] Tracking stop requested (project id: 1145774)
[2024-09-09 14:09:25.896] [140437296405184] [Info] Sending usage statistics: Time Tracked
[2024-09-09 14:09:25.896] [140437296405184] [Info] Updating last worked time for a project in the work log:
                                                   project id: 1145774, last worked: 2024-09-09T14:09:25, seconds: 1005
[2024-09-09 14:09:25.896] [140437296405184] [Info] Saving work log to local storage
[2024-09-09 14:09:25.897] [140437296405184] [Info] Tracking stopped (project id: 1145774)
[2024-09-09 14:09:25.897] [140437296405184] [Info] Keyboard hits: 800
[2024-09-09 14:09:25.897] [140437296405184] [Info] Mouse clicks: 158
[2024-09-09 14:09:25.897] [140437296405184] [Info] Setting option 'tracking-interval' to '15'
[2024-09-09 14:09:25.897] [140437296405184] [Info] Setting option 'take-screenshots' to 'true'
[2024-09-09 14:09:25.897] [140437296405184] [Info] Updating settings backup of "Allow screenshots" to true
[2024-09-09 14:09:25.897] [140437296405184] [Info] Setting option 'randomized-tracking' to 'false'
[2024-09-09 14:09:25.944] [140437296405184] [Info] Setting option 'track-keyboard-hits' to 'true'
[2024-09-09 14:09:25.980] [140437296405184] [Info] Stopped input monitoring for clicks. Keyboard hits 800, mouse hits 158
[2024-09-09 14:09:25.980] [140437296405184] [Info] Started monitoring keyboard and mouse for clicks. Keyboard hits 800, mouse hits 158
[2024-09-09 14:09:25.980] [140437296405184] [Info] Setting option 'track-mouse-clicks' to 'true'
[2024-09-09 14:09:26.031] [140437296405184] [Info] Stopped input monitoring for clicks. Keyboard hits 800, mouse hits 158
[2024-09-09 14:09:26.031] [140437296405184] [Info] Started monitoring keyboard and mouse for clicks. Keyboard hits 800, mouse hits 158
[2024-09-09 14:09:26.082] [140437296405184] [Info] Stopped input monitoring for clicks. Keyboard hits 800, mouse hits 158
[2024-09-09 14:09:26.082] [140437296405184] [Info] Stopped monitoring for idle state
[2024-09-09 14:09:26.083] [140437296405184] [Info] Getting last entered description for project 1145774 ("implement static shadow")
[2024-09-09 14:09:26.084] [140436997924416] [Info] Checking for data to send to the server
[2024-09-09 14:09:26.084] [140436997924416] [Info] Sent update activity request (id: 1402221477), activity id: 1889348679, [Mo. Sept. 9 14:07:01 2024 - Mo. Sept. 9 14:09:25 2024], activity API id: 142081757, description: "implement static shadow", last changed: Mo. Sept. 9 14:09:25 2024, last synced: Mo. Sept. 9 14:07:01 2024, offline: 0, keys: 800, clicks: 158
[2024-09-09 14:09:26.312] [140436997924416] [Info] Activity update request successful (id: 1889348679, request id: 1402221477, type: 1)
[2024-09-09 14:12:36.027] [140437296405184] [Info] Polling project list
[2024-09-09 14:12:36.027] [140437296405184] [Info] Getting project list from the server (request id: 731774790)
[2024-09-09 14:12:36.215] [140437296405184] [Info] Project list received from the server (request id: 731774790, list size: 1)
                                                   IDs: 1145774
[2024-09-09 14:22:36.027] [140437296405184] [Info] Polling project list
[2024-09-09 14:22:36.027] [140437296405184] [Info] Getting project list from the server (request id: 404483534)
[2024-09-09 14:22:36.232] [140437296405184] [Info] Project list received from the server (request id: 404483534, list size: 1)
                                                   IDs: 1145774
[2024-09-09 14:32:36.027] [140437296405184] [Info] Polling project list
[2024-09-09 14:32:36.027] [140437296405184] [Info] Getting project list from the server (request id: 1586087512)
[2024-09-09 14:32:36.204] [140437296405184] [Info] Project list received from the server (request id: 1586087512, list size: 1)
                                                   IDs: 1145774
[2024-09-09 14:42:36.027] [140437296405184] [Info] Polling project list
[2024-09-09 14:42:36.028] [140437296405184] [Info] Getting project list from the server (request id: 2139015874)
[2024-09-09 14:42:36.218] [140437296405184] [Info] Project list received from the server (request id: 2139015874, list size: 1)
                                                   IDs: 1145774
[2024-09-09 14:52:36.028] [140437296405184] [Info] Polling project list
[2024-09-09 14:52:36.028] [140437296405184] [Info] Getting project list from the server (request id: 1516148085)
[2024-09-09 14:52:36.230] [140437296405184] [Info] Project list received from the server (request id: 1516148085, list size: 1)
                                                   IDs: 1145774
[2024-09-09 15:02:36.027] [140437296405184] [Info] Polling project list
[2024-09-09 15:02:36.027] [140437296405184] [Info] Getting project list from the server (request id: 63969785)
[2024-09-09 15:02:36.250] [140437296405184] [Info] Project list received from the server (request id: 63969785, list size: 1)
                                                   IDs: 1145774
[2024-09-09 15:12:36.027] [140437296405184] [Info] Polling project list
[2024-09-09 15:12:36.028] [140437296405184] [Info] Getting project list from the server (request id: 399610212)
[2024-09-09 15:12:36.245] [140437296405184] [Info] Project list received from the server (request id: 399610212, list size: 1)
                                                   IDs: 1145774
[2024-09-09 16:22:24.370] [140437296405184] [Info] Internet connection lost
[2024-09-09 16:22:24.370] [140437296405184] [Info] Application is offline
[2024-09-09 16:22:34.375] [140437296405184] [Info] Internet connection detected
[2024-09-09 16:23:34.600] [140437296405184] [Info] Application is online
[2024-09-09 19:04:42.437] [140437296405184] [Info] Internet connection lost
[2024-09-09 19:04:42.440] [140437296405184] [Info] Application is offline
[2024-09-09 19:04:52.438] [140437296405184] [Info] Internet connection detected
[2024-09-09 19:04:52.710] [140437296405184] [Info] Application is online
[2024-09-09 19:26:06.683] [140437296405184] [Info] Internet connection lost
[2024-09-09 19:26:06.684] [140437296405184] [Info] Application is offline
[2024-09-09 19:26:16.680] [140437296405184] [Info] Internet connection detected
[2024-09-09 19:26:46.913] [140437296405184] [Info] Application is online
[2024-09-09 19:32:26.680] [140437296405184] [Info] Polling project list
[2024-09-09 19:32:26.681] [140437296405184] [Info] Getting project list from the server (request id: 1631752293)
[2024-09-09 19:32:26.869] [140437296405184] [Info] Project list received from the server (request id: 1631752293, list size: 1)
                                                   IDs: 1145774
[2024-09-09 19:42:26.680] [140437296405184] [Info] Polling project list
[2024-09-09 19:42:26.680] [140437296405184] [Info] Getting project list from the server (request id: 27642112)
[2024-09-09 19:42:26.973] [140437296405184] [Info] Project list received from the server (request id: 27642112, list size: 1)
                                                   IDs: 1145774
[2024-09-09 22:16:20.088] [140437296405184] [Info] Internet connection lost
[2024-09-09 22:16:20.088] [140437296405184] [Info] Application is offline
[2024-09-09 22:16:30.420] [140437296405184] [Info] Internet connection detected
[2024-09-09 22:17:30.648] [140437296405184] [Info] Application is online
